<?xml version="1.0" encoding="UTF-8"?>
<testng-results skipped="0" failed="0" total="1" passed="1">
  <reporter-output>
  </reporter-output>
  <suite name="Default suite" duration-ms="22365" started-at="2017-07-05T07:10:45Z" finished-at="2017-07-05T07:11:07Z">
    <groups>
    </groups>
    <test name="Default test" duration-ms="22365" started-at="2017-07-05T07:10:45Z" finished-at="2017-07-05T07:11:07Z">
      <class name="testCases.AlertTestDemo">
        <test-method status="PASS" signature="f()[pri:0, instance:testCases.AlertTestDemo@5bcab519]" name="f" duration-ms="22347" started-at="2017-07-05T12:40:45Z" finished-at="2017-07-05T12:41:07Z">
          <reporter-output>
          </reporter-output>
        </test-method> <!-- f -->
      </class> <!-- testCases.AlertTestDemo -->
    </test> <!-- Default test -->
  </suite> <!-- Default suite -->
</testng-results>
